  Compiling CUDA source file ..\src\renderengine_gpu.cu...
  
  E:\Github\tRAcINg\CUDAPathTracerRL\build>"C:\Program Files\NVIDIA GPU Computing Toolkit\CUDA\v12.4\bin\nvcc.exe"  --use-local-env -ccbin "D:\Program Files\Microsoft Visual Studio\2022\Community\VC\Tools\MSVC\14.39.33519\bin\HostX64\x64" -x cu -rdc=true  -I"E:\Github\tRAcINg\CUDAPathTracerRL\external\glfw-3.1.2\include" -I"E:\Github\tRAcINg\CUDAPathTracerRL\external\glew-2.2.0\include" -I"E:\Github\tRAcINg\CUDAPathTracerRL\external\glm-0.9.7.1" -IE:\Github\tRAcINg\CUDAPathTracerRL\. -IE:\Github\tRAcINg\CUDAPathTracerRL\include -I"C:\Program Files\NVIDIA GPU Computing Toolkit\CUDA\v12.4\include"     --keep-dir cuda_base\x64\Release  -maxrregcount=0   --machine 64 --compile -cudart static -Xcompiler="/EHsc -Ob2"   -D_WINDOWS -DNDEBUG -DTW_STATIC -DTW_NO_LIB_PRAGMA -DTW_NO_DIRECT3D -D_CRT_SECURE_NO_WARNINGS -D"CMAKE_INTDIR=\"Release\"" -D_MBCS -DWIN32 -D_WINDOWS -DNDEBUG -DTW_STATIC -DTW_NO_LIB_PRAGMA -DTW_NO_DIRECT3D -D_CRT_SECURE_NO_WARNINGS -D"CMAKE_INTDIR=\"Release\"" -Xcompiler "/EHsc /W3 /nologo /O2 /FS   /MD /GR" -Xcompiler "/FdE:\Github\tRAcINg\CUDAPathTracerRL\build\Release\cuda_base.pdb" -o cuda_base.dir\Release\renderengine_gpu.obj "E:\Github\tRAcINg\CUDAPathTracerRL\src\renderengine_gpu.cu" 
E:\Github\tRAcINg\CUDAPathTracerRL\include\cuda_utils.h(33): warning #1444-D: function "__shfl_xor(float, int, int)" was declared deprecated ("__shfl_xor() is deprecated in favor of __shfl_xor_sync() and may be removed in a future release (Use -Wno-deprecated-declarations to suppress this warning).")
            val.x += __shfl_xor(val.x, offset);
                     ^
  C:\Program Files\NVIDIA GPU Computing Toolkit\CUDA\v12.4\include\sm_30_intrinsics.h(151): note #3287-D: because of a "deprecated" attribute
    static __declspec(__device__) __inline __declspec(deprecated("__shfl_xor""() is deprecated in favor of ""__shfl_xor""_sync() and may be removed in a future release (Use -Wno-deprecated-declarations to suppress this warning).")) float __shfl_xor(float var, int laneMask, int width=32) ;
                                                      ^
  
  Remark: The warnings can be suppressed with "-diag-suppress <warning-number>"
  
E:\Github\tRAcINg\CUDAPathTracerRL\include\cuda_utils.h(34): warning #1444-D: function "__shfl_xor(float, int, int)" was declared deprecated ("__shfl_xor() is deprecated in favor of __shfl_xor_sync() and may be removed in a future release (Use -Wno-deprecated-declarations to suppress this warning).")
            val.y += __shfl_xor(val.y, offset);
                     ^
  C:\Program Files\NVIDIA GPU Computing Toolkit\CUDA\v12.4\include\sm_30_intrinsics.h(151): note #3287-D: because of a "deprecated" attribute
    static __declspec(__device__) __inline __declspec(deprecated("__shfl_xor""() is deprecated in favor of ""__shfl_xor""_sync() and may be removed in a future release (Use -Wno-deprecated-declarations to suppress this warning).")) float __shfl_xor(float var, int laneMask, int width=32) ;
                                                      ^
  
E:\Github\tRAcINg\CUDAPathTracerRL\include\cuda_utils.h(35): warning #1444-D: function "__shfl_xor(float, int, int)" was declared deprecated ("__shfl_xor() is deprecated in favor of __shfl_xor_sync() and may be removed in a future release (Use -Wno-deprecated-declarations to suppress this warning).")
            val.z += __shfl_xor(val.z, offset);
                     ^
  C:\Program Files\NVIDIA GPU Computing Toolkit\CUDA\v12.4\include\sm_30_intrinsics.h(151): note #3287-D: because of a "deprecated" attribute
    static __declspec(__device__) __inline __declspec(deprecated("__shfl_xor""() is deprecated in favor of ""__shfl_xor""_sync() and may be removed in a future release (Use -Wno-deprecated-declarations to suppress this warning).")) float __shfl_xor(float var, int laneMask, int width=32) ;
                                                      ^
  
E:\Github\tRAcINg\CUDAPathTracerRL\src\renderengine_gpu.cu(139): warning #177-D: variable "f" was declared but never referenced
            float f = 1.0f / (steps + 1);
                  ^
  
ptxas C : /Users/Rain/AppData/Local/Temp/tmpxft_000020ec_00000000-7_renderengine_gpu.ptx, line 12103; warning : Instruction 'shfl' without '.sync' is deprecated since PTX ISA version 6.0 and will be discontinued in a future PTX ISA version
ptxas C : /Users/Rain/AppData/Local/Temp/tmpxft_000020ec_00000000-7_renderengine_gpu.ptx, line 12107; warning : Instruction 'shfl' without '.sync' is deprecated since PTX ISA version 6.0 and will be discontinued in a future PTX ISA version
ptxas C : /Users/Rain/AppData/Local/Temp/tmpxft_000020ec_00000000-7_renderengine_gpu.ptx, line 12111; warning : Instruction 'shfl' without '.sync' is deprecated since PTX ISA version 6.0 and will be discontinued in a future PTX ISA version
  renderengine_gpu.cu
  tmpxft_000020ec_00000000-7_renderengine_gpu.cudafe1.cpp
  
  E:\Github\tRAcINg\CUDAPathTracerRL\build>"C:\Program Files\NVIDIA GPU Computing Toolkit\CUDA\v12.4\bin\nvcc.exe" -dlink  -o cuda_base.dir\Release\cuda_base.device-link.obj -Xcompiler "/EHsc /W3 /nologo /O2   /MD /GR" -Xcompiler "/FdE:\Github\tRAcINg\CUDAPathTracerRL\build\Release\cuda_base.pdb" -L"C:\Program Files\NVIDIA GPU Computing Toolkit\CUDA\v12.4\bin/crt" -L"C:\Program Files\NVIDIA GPU Computing Toolkit\CUDA\v12.4\lib\x64" cudadevrt.lib cudart_static.lib kernel32.lib user32.lib gdi32.lib winspool.lib comdlg32.lib advapi32.lib shell32.lib ole32.lib oleaut32.lib uuid.lib odbc32.lib odbccp32.lib cudart.lib -forward-unknown-to-host-compiler -Wno-deprecated-gpu-targets -D_WINDOWS -Xcompiler="/W3 /GR /EHsc" -Xcompiler="-MD -O2 -Ob2" -DNDEBUG    cuda_base.dir\Release\cudaMain.obj cuda_base.dir\Release\renderengine_gpu.obj 
  cudadevrt.lib
  cudart_static.lib
  kernel32.lib
  user32.lib
  gdi32.lib
  winspool.lib
  comdlg32.lib
  advapi32.lib
  shell32.lib
  ole32.lib
  oleaut32.lib
  uuid.lib
  odbc32.lib
  odbccp32.lib
  cudart.lib
  cudaMain.obj
  renderengine_gpu.obj
cudaMain.obj : warning LNK4006: "int __cdecl printOglError(char *,int)" (?printOglError@@YAHPEADH@Z) 已在 gl_utils.obj 中定义；已忽略第二个定义
  cuda_base.vcxproj -> E:\Github\tRAcINg\CUDAPathTracerRL\build\Release\cuda_base.lib
